<?xml version="1.0" encoding="UTF-8"?>
<!-- Generated by org.testng.reporters.JUnitReportReporter -->
<testsuite hostname="Invicta-21" failures="0" tests="1" name="com.invicta.qa.testcases.sbu.AddSbuFunTest" time="0.009" errors="0" timestamp="20 Feb 2023 06:07:28 GMT" skipped="0">
  <testcase classname="com.invicta.qa.testcases.sbu.AddSbuFunTest" name="test" time="0.009"/>
</testsuite> <!-- com.invicta.qa.testcases.sbu.AddSbuFunTest -->
